<?xml version="1.0" encoding="UTF-8"?>
<testsuite xmlns:xsi="http://www.w3.org/2001/XMLSchema-instance" xsi:noNamespaceSchemaLocation="https://maven.apache.org/surefire/maven-surefire-plugin/xsd/surefire-test-report-3.0.xsd" version="3.0" name="com.azure.recipes.core.v2.HttpHeaderNameTest" time="1.006" tests="2" errors="0" skipped="0" failures="0">
  <properties>
[...]
</properties>
  <testcase name="testHeaderNameImportChanged" classname="com.azure.recipes.core.v2.HttpHeaderNameTest" time="0.463"/>
  <testcase name="testHeaderNameTypeChanged" classname="com.azure.recipes.core.v2.HttpHeaderNameTest" time="0.541"/>
</testsuite>